0 info it worked if it ends with ok
1 verbose cli [ '/usr/local/bin/node',
1 verbose cli   '/usr/local/bin/npm',
1 verbose cli   'install',
1 verbose cli   '-g',
1 verbose cli   'browser-sync' ]
2 info using npm@2.15.1
3 info using node@v4.4.3
4 verbose install initial load of /usr/local/lib/package.json
5 verbose readDependencies loading dependencies from /usr/local/lib/package.json
6 silly cache add args [ 'browser-sync', null ]
7 verbose cache add spec browser-sync
8 silly cache add parsed spec Result {
8 silly cache add   raw: 'browser-sync',
8 silly cache add   scope: null,
8 silly cache add   name: 'browser-sync',
8 silly cache add   rawSpec: '',
8 silly cache add   spec: 'latest',
8 silly cache add   type: 'tag' }
9 silly addNamed browser-sync@latest
10 verbose addNamed "latest" is being treated as a dist-tag for browser-sync
11 info addNameTag [ 'browser-sync', 'latest' ]
12 silly mapToRegistry name browser-sync
13 silly mapToRegistry using default registry
14 silly mapToRegistry registry https://registry.npmjs.org/
15 silly mapToRegistry data Result {
15 silly mapToRegistry   raw: 'browser-sync',
15 silly mapToRegistry   scope: null,
15 silly mapToRegistry   name: 'browser-sync',
15 silly mapToRegistry   rawSpec: '',
15 silly mapToRegistry   spec: 'latest',
15 silly mapToRegistry   type: 'tag' }
16 silly mapToRegistry uri https://registry.npmjs.org/browser-sync
17 verbose addNameTag registry:https://registry.npmjs.org/browser-sync not in flight; fetching
18 verbose request uri https://registry.npmjs.org/browser-sync
19 verbose request no auth needed
20 info attempt registry request try #1 at 9:45:03 PM
21 verbose request id fd981b14cce45a14
22 http request GET https://registry.npmjs.org/browser-sync
23 http 200 https://registry.npmjs.org/browser-sync
24 verbose headers { server: 'CouchDB/1.5.0 (Erlang OTP/R16B03)',
24 verbose headers   etag: '"1YKO3BMWNVKY3GLNUOA2H58JQ"',
24 verbose headers   'content-type': 'application/json',
24 verbose headers   'content-encoding': 'gzip',
24 verbose headers   'cache-control': 'max-age=300',
24 verbose headers   'content-length': '37804',
24 verbose headers   'accept-ranges': 'bytes',
24 verbose headers   date: 'Tue, 17 May 2016 01:45:04 GMT',
24 verbose headers   via: '1.1 varnish',
24 verbose headers   age: '293',
24 verbose headers   connection: 'keep-alive',
24 verbose headers   'x-served-by': 'cache-jfk1028-JFK',
24 verbose headers   'x-cache': 'HIT',
24 verbose headers   'x-cache-hits': '1',
24 verbose headers   'x-timer': 'S1463449504.581697,VS0,VE0',
24 verbose headers   vary: 'Accept-Encoding' }
25 silly get cb [ 200,
25 silly get   { server: 'CouchDB/1.5.0 (Erlang OTP/R16B03)',
25 silly get     etag: '"1YKO3BMWNVKY3GLNUOA2H58JQ"',
25 silly get     'content-type': 'application/json',
25 silly get     'content-encoding': 'gzip',
25 silly get     'cache-control': 'max-age=300',
25 silly get     'content-length': '37804',
25 silly get     'accept-ranges': 'bytes',
25 silly get     date: 'Tue, 17 May 2016 01:45:04 GMT',
25 silly get     via: '1.1 varnish',
25 silly get     age: '293',
25 silly get     connection: 'keep-alive',
25 silly get     'x-served-by': 'cache-jfk1028-JFK',
25 silly get     'x-cache': 'HIT',
25 silly get     'x-cache-hits': '1',
25 silly get     'x-timer': 'S1463449504.581697,VS0,VE0',
25 silly get     vary: 'Accept-Encoding' } ]
26 verbose get saving browser-sync to /Users/SBlack4/.npm/registry.npmjs.org/browser-sync/.cache.json
27 verbose correctMkdir /Users/SBlack4/.npm correctMkdir not in flight; initializing
28 verbose makeDirectory /Users/SBlack4/.npm creation not in flight; initializing
29 silly makeDirectory /Users/SBlack4/.npm uid: 501 gid: 20
30 silly addNameTag next cb for browser-sync with tag latest
31 silly addNamed browser-sync@2.12.8
32 verbose addNamed "2.12.8" is a plain semver version for browser-sync
33 silly mapToRegistry name browser-sync
34 silly mapToRegistry using default registry
35 silly mapToRegistry registry https://registry.npmjs.org/
36 silly mapToRegistry data Result {
36 silly mapToRegistry   raw: 'browser-sync',
36 silly mapToRegistry   scope: null,
36 silly mapToRegistry   name: 'browser-sync',
36 silly mapToRegistry   rawSpec: '',
36 silly mapToRegistry   spec: 'latest',
36 silly mapToRegistry   type: 'tag' }
37 silly mapToRegistry uri https://registry.npmjs.org/browser-sync
38 verbose addRemoteTarball https://registry.npmjs.org/browser-sync/-/browser-sync-2.12.8.tgz not in flight; adding
39 verbose addRemoteTarball [ 'https://registry.npmjs.org/browser-sync/-/browser-sync-2.12.8.tgz',
39 verbose addRemoteTarball   '039bc61ecf2ac50aa4313ac333269d475456fc04' ]
40 info retry fetch attempt 1 at 9:45:04 PM
41 info attempt registry request try #1 at 9:45:04 PM
42 http fetch GET https://registry.npmjs.org/browser-sync/-/browser-sync-2.12.8.tgz
43 http fetch 200 https://registry.npmjs.org/browser-sync/-/browser-sync-2.12.8.tgz
44 silly fetchAndShaCheck shasum 039bc61ecf2ac50aa4313ac333269d475456fc04
45 verbose addTmpTarball /var/folders/9r/7x29h36n52n8z_d0rhmfzb040000gn/T/npm-18158-d15f90f5/registry.npmjs.org/browser-sync/-/browser-sync-2.12.8.tgz not in flight; adding
46 verbose addTmpTarball already have metadata; skipping unpack for browser-sync@2.12.8
47 verbose correctMkdir /Users/SBlack4/.npm correctMkdir not in flight; initializing
48 silly cache afterAdd browser-sync@2.12.8
49 verbose afterAdd /Users/SBlack4/.npm/browser-sync/2.12.8/package/package.json not in flight; writing
50 verbose correctMkdir /Users/SBlack4/.npm correctMkdir not in flight; initializing
51 verbose afterAdd /Users/SBlack4/.npm/browser-sync/2.12.8/package/package.json written
52 silly install resolved [ { name: 'browser-sync',
52 silly install resolved     description: 'Live CSS Reload & Browser Syncing',
52 silly install resolved     version: '2.12.8',
52 silly install resolved     homepage: 'http://www.browsersync.io/',
52 silly install resolved     author: { name: 'Shane Osbourne' },
52 silly install resolved     repository:
52 silly install resolved      { type: 'git',
52 silly install resolved        url: 'git+https://github.com/browsersync/browser-sync.git' },
52 silly install resolved     license: 'Apache-2.0',
52 silly install resolved     bin: { 'browser-sync': 'bin/browser-sync.js' },
52 silly install resolved     files: [ 'bin', 'index.js', 'lib' ],
52 silly install resolved     engines: { node: '>= 0.8.0' },
52 silly install resolved     scripts:
52 silly install resolved      { env: 'node ./test/env.js',
52 silly install resolved        test: 'npm run lint && npm run env && npm run unit',
52 silly install resolved        lint: 'eslint index.js lib bin examples test/specs gulpfile.js',
52 silly install resolved        pro: 'protractor test/protractor/config.single.js',
52 silly install resolved        'pro-local': 'node test/protractor/setup.js',
52 silly install resolved        unit: 'mocha --recursive test/specs --timeout 10000',
52 silly install resolved        cover: 'npm run env && npm run cover-local && npm run coveralls',
52 silly install resolved        'cover-local': 'istanbul cover _mocha -- --timeout 10000 --recursive ./test/specs',
52 silly install resolved        coveralls: 'istanbul-coveralls',
52 silly install resolved        'pre-release': 'npm test && npm run pro-local && npm run pro' },
52 silly install resolved     dependencies:
52 silly install resolved      { 'browser-sync-client': '^2.3.3',
52 silly install resolved        'browser-sync-ui': '0.5.19',
52 silly install resolved        'bs-recipes': '1.2.2',
52 silly install resolved        chokidar: '1.4.3',
52 silly install resolved        connect: '3.4.1',
52 silly install resolved        'dev-ip': '^1.0.1',
52 silly install resolved        'easy-extender': '2.3.2',
52 silly install resolved        'eazy-logger': '^2.1.2',
52 silly install resolved        'emitter-steward': '^1.0.0',
52 silly install resolved        'fs-extra': '0.26.7',
52 silly install resolved        'http-proxy': '1.13.2',
52 silly install resolved        immutable: '3.7.6',
52 silly install resolved        localtunnel: '1.8.1',
52 silly install resolved        lodash: '4.10.0',
52 silly install resolved        micromatch: '2.3.7',
52 silly install resolved        opn: '^3.0.2',
52 silly install resolved        portscanner: '^1.0.0',
52 silly install resolved        qs: '6.1.0',
52 silly install resolved        'resp-modifier': '6.0.1',
52 silly install resolved        'serve-index': '1.7.3',
52 silly install resolved        'serve-static': '1.10.2',
52 silly install resolved        'socket.io': '1.4.5',
52 silly install resolved        'ua-parser-js': '0.7.10',
52 silly install resolved        ucfirst: '^1.0.0',
52 silly install resolved        yargs: '4.4.0' },
52 silly install resolved     devDependencies:
52 silly install resolved      { 'browser-sync-spa': '1.0.2',
52 silly install resolved        'bs-html-injector': '3.0.1',
52 silly install resolved        'bs-snippet-injector': '2.0.1',
52 silly install resolved        chai: '3.2.0',
52 silly install resolved        chalk: '1.1.1',
52 silly install resolved        compression: '1.6.1',
52 silly install resolved        eslint: '1.3.1',
52 silly install resolved        'graceful-fs': '3.0.8',
52 silly install resolved        gulp: '3.9.0',
52 silly install resolved        'gulp-contribs': '0.0.3',
52 silly install resolved        'gulp-conventional-changelog': '0.4.0',
52 silly install resolved        'gulp-filter': '2.0.2',
52 silly install resolved        istanbul: '0.3.19',
52 silly install resolved        'istanbul-coveralls': '1.0.3',
52 silly install resolved        mocha: '2.3.0',
52 silly install resolved        q: '1.4.1',
52 silly install resolved        request: '2.61.0',
52 silly install resolved        rimraf: '2.5.2',
52 silly install resolved        sinon: '1.15.4',
52 silly install resolved        slugify: '0.1.1',
52 silly install resolved        'socket.io-client': '^1.4.5',
52 silly install resolved        supertest: '1.1.0',
52 silly install resolved        vinyl: '0.5.3' },
52 silly install resolved     keywords: [ 'browser sync', 'css', 'live reload', 'sync' ],
52 silly install resolved     gitHead: 'e9db4ef9672e4f766773707c86e8b7e440c38f5a',
52 silly install resolved     bugs: { url: 'https://github.com/browsersync/browser-sync/issues' },
52 silly install resolved     _id: 'browser-sync@2.12.8',
52 silly install resolved     _shasum: '039bc61ecf2ac50aa4313ac333269d475456fc04',
52 silly install resolved     _from: 'browser-sync@latest',
52 silly install resolved     _npmVersion: '2.15.1',
52 silly install resolved     _nodeVersion: '4.4.3',
52 silly install resolved     _npmUser: { name: 'shakyshane', email: 'shakyshane@gmail.com' },
52 silly install resolved     dist:
52 silly install resolved      { shasum: '039bc61ecf2ac50aa4313ac333269d475456fc04',
52 silly install resolved        tarball: 'https://registry.npmjs.org/browser-sync/-/browser-sync-2.12.8.tgz' },
52 silly install resolved     maintainers: [ [Object] ],
52 silly install resolved     _npmOperationalInternal:
52 silly install resolved      { host: 'packages-16-east.internal.npmjs.com',
52 silly install resolved        tmp: 'tmp/browser-sync-2.12.8.tgz_1463053456366_0.9889549727085978' },
52 silly install resolved     directories: {},
52 silly install resolved     _resolved: 'https://registry.npmjs.org/browser-sync/-/browser-sync-2.12.8.tgz' } ]
53 info install browser-sync@2.12.8 into /usr/local/lib
54 info installOne browser-sync@2.12.8
55 verbose installOne of browser-sync to /usr/local/lib not in flight; installing
56 verbose correctMkdir /Users/SBlack4/.npm/_locks correctMkdir not in flight; initializing
57 verbose makeDirectory /Users/SBlack4/.npm/_locks creation not in flight; initializing
58 silly makeDirectory /Users/SBlack4/.npm/_locks uid: 501 gid: 20
59 verbose lock using /Users/SBlack4/.npm/_locks/browser-sync-ed941186c435fb34.lock for /usr/local/lib/node_modules/browser-sync
60 silly install write writing browser-sync 2.12.8 to /usr/local/lib/node_modules/browser-sync
61 verbose unbuild lib/node_modules/browser-sync
62 silly gentlyRm /usr/local/lib/node_modules/browser-sync is being purged from base /usr/local
63 verbose gentlyRm don't care about contents; nuking /usr/local/lib/node_modules/browser-sync
64 verbose tar unpack /Users/SBlack4/.npm/browser-sync/2.12.8/package.tgz
65 verbose tar unpacking to /usr/local/lib/node_modules/browser-sync
66 silly gentlyRm /usr/local/lib/node_modules/browser-sync is being purged
67 verbose gentlyRm don't care about contents; nuking /usr/local/lib/node_modules/browser-sync
68 silly gunzTarPerm modes [ '755', '644' ]
69 error tar.unpack untar error /Users/SBlack4/.npm/browser-sync/2.12.8/package.tgz
70 verbose unlock done using /Users/SBlack4/.npm/_locks/browser-sync-ed941186c435fb34.lock for /usr/local/lib/node_modules/browser-sync
71 verbose fstream_path /usr/local/lib/node_modules/browser-sync
72 verbose fstream_type Directory
73 verbose fstream_class DirWriter
74 verbose stack Error: EACCES: permission denied, mkdir '/usr/local/lib/node_modules/browser-sync'
74 verbose stack     at Error (native)
75 verbose fstream_stack /usr/local/lib/node_modules/npm/node_modules/fstream/lib/dir-writer.js:35:25
75 verbose fstream_stack /usr/local/lib/node_modules/npm/node_modules/mkdirp/index.js:47:53
75 verbose fstream_stack FSReqWrap.oncomplete (fs.js:82:15)
76 verbose cwd /Users/SBlack4/Documents/Coursera/Html-Css-Js/JH-html-css-js
77 error Darwin 15.4.0
78 error argv "/usr/local/bin/node" "/usr/local/bin/npm" "install" "-g" "browser-sync"
79 error node v4.4.3
80 error npm  v2.15.1
81 error path /usr/local/lib/node_modules/browser-sync
82 error code EACCES
83 error errno -13
84 error syscall mkdir
85 error Error: EACCES: permission denied, mkdir '/usr/local/lib/node_modules/browser-sync'
85 error     at Error (native)
85 error  { [Error: EACCES: permission denied, mkdir '/usr/local/lib/node_modules/browser-sync']
85 error   errno: -13,
85 error   code: 'EACCES',
85 error   syscall: 'mkdir',
85 error   path: '/usr/local/lib/node_modules/browser-sync',
85 error   fstream_type: 'Directory',
85 error   fstream_path: '/usr/local/lib/node_modules/browser-sync',
85 error   fstream_class: 'DirWriter',
85 error   fstream_stack:
85 error    [ '/usr/local/lib/node_modules/npm/node_modules/fstream/lib/dir-writer.js:35:25',
85 error      '/usr/local/lib/node_modules/npm/node_modules/mkdirp/index.js:47:53',
85 error      'FSReqWrap.oncomplete (fs.js:82:15)' ] }
86 error Please try running this command again as root/Administrator.
87 verbose exit [ -13, true ]
88 verbose unbuild lib/node_modules/browser-sync
89 silly gentlyRm /usr/local/lib/node_modules/browser-sync is being purged from base /usr/local
90 verbose gentlyRm don't care about contents; nuking /usr/local/lib/node_modules/browser-sync
